c:\users\tamerteknotam\source\repos\radarfusıon\radarfusıon\x64\debug\vc141.pdb
c:\users\tamerteknotam\source\repos\radarfusıon\radarfusıon\x64\debug\vc141.ıdb
c:\users\tamerteknotam\source\repos\radarfusıon\radarfusıon\x64\debug\trackmatchpaır.obj
c:\users\tamerteknotam\source\repos\radarfusıon\radarfusıon\x64\debug\tracklıst.obj
c:\users\tamerteknotam\source\repos\radarfusıon\radarfusıon\x64\debug\trackınstance.obj
c:\users\tamerteknotam\source\repos\radarfusıon\radarfusıon\x64\debug\server.obj
c:\users\tamerteknotam\source\repos\radarfusıon\radarfusıon\x64\debug\radarfusıon.obj
c:\users\tamerteknotam\source\repos\radarfusıon\radarfusıon\x64\debug\radar.obj
c:\users\tamerteknotam\source\repos\radarfusıon\radarfusıon\x64\debug\messageheader.obj
c:\users\tamerteknotam\source\repos\radarfusıon\radarfusıon\x64\debug\message.obj
c:\users\tamerteknotam\source\repos\radarfusıon\radarfusıon\x64\debug\gısutıl.obj
c:\users\tamerteknotam\source\repos\radarfusıon\radarfusıon\x64\debug\coordınate.obj
c:\users\tamerteknotam\source\repos\radarfusıon\radarfusıon\x64\debug\byteoperatıons.obj
c:\users\tamerteknotam\source\repos\radarfusıon\x64\debug\radarfusıon.exe
c:\users\tamerteknotam\source\repos\radarfusıon\x64\debug\radarfusıon.ılk
c:\users\tamerteknotam\source\repos\radarfusıon\x64\debug\radarfusıon.pdb
c:\users\tamerteknotam\source\repos\radarfusıon\radarfusıon\x64\debug\radarfusıon.res
c:\users\tamerteknotam\source\repos\radarfusion\radarfusion\x64\debug\byteoperations.obj
c:\users\tamerteknotam\source\repos\radarfusion\radarfusion\x64\debug\coordinate.obj
c:\users\tamerteknotam\source\repos\radarfusion\radarfusion\x64\debug\gisutil.obj
c:\users\tamerteknotam\source\repos\radarfusion\radarfusion\x64\debug\message.obj
c:\users\tamerteknotam\source\repos\radarfusion\radarfusion\x64\debug\messageheader.obj
c:\users\tamerteknotam\source\repos\radarfusion\radarfusion\x64\debug\radar.obj
c:\users\tamerteknotam\source\repos\radarfusion\radarfusion\x64\debug\radarfusion.obj
c:\users\tamerteknotam\source\repos\radarfusion\radarfusion\x64\debug\server.obj
c:\users\tamerteknotam\source\repos\radarfusion\radarfusion\x64\debug\trackınstance.obj
c:\users\tamerteknotam\source\repos\radarfusion\radarfusion\x64\debug\tracklist.obj
c:\users\tamerteknotam\source\repos\radarfusion\radarfusion\x64\debug\trackmatchpair.obj
c:\users\tamerteknotam\source\repos\radarfusion\radarfusion\x64\debug\radarfusion.res
c:\users\tamerteknotam\source\repos\radarfusion\radarfusion\x64\debug\vc141.idb
c:\users\tamerteknotam\source\repos\radarfusion\radarfusion\x64\debug\vc141.pdb
c:\users\tamerteknotam\source\repos\radarfusion\x64\debug\radarfusion.pdb
c:\users\tamerteknotam\source\repos\radarfusion\x64\debug\radarfusion.exe
c:\users\tamerteknotam\source\repos\radarfusion\x64\debug\radarfusion.ilk
c:\users\tamerteknotam\source\repos\radarfusion\radarfusion\x64\debug\radarfusion.tlog\cl.command.1.tlog
c:\users\tamerteknotam\source\repos\radarfusion\radarfusion\x64\debug\radarfusion.tlog\cl.read.1.tlog
c:\users\tamerteknotam\source\repos\radarfusion\radarfusion\x64\debug\radarfusion.tlog\cl.write.1.tlog
c:\users\tamerteknotam\source\repos\radarfusion\radarfusion\x64\debug\radarfusion.tlog\link.command.1.tlog
c:\users\tamerteknotam\source\repos\radarfusion\radarfusion\x64\debug\radarfusion.tlog\link.read.1.tlog
c:\users\tamerteknotam\source\repos\radarfusion\radarfusion\x64\debug\radarfusion.tlog\link.write.1.tlog
c:\users\tamerteknotam\source\repos\radarfusion\radarfusion\x64\debug\radarfusion.tlog\rc.command.1.tlog
c:\users\tamerteknotam\source\repos\radarfusion\radarfusion\x64\debug\radarfusion.tlog\rc.read.1.tlog
c:\users\tamerteknotam\source\repos\radarfusion\radarfusion\x64\debug\radarfusion.tlog\rc.write.1.tlog
